[LOG] System::create                           : Header version = 2.02.15. Current version = 2.02.15.
[LOG] Manager::init                            : maxchannels = 256 studioflags = 00000006 flags 00000000 extradriverdata 0000000000000000.
[LOG] SystemI::init                            : Initialize version=20215 (134211), maxchannels=256, flags=0x00020000
[LOG] SystemI::setOutputInternal               : Setting output to 'FMOD WASAPI Output'
[LOG] OutputWASAPI::init                       : Mix Format (WAVEFORMATEX): wFormatTag=0xFFFE, nChannels=8, nSamplesPerSec=48000, nAvgBytesPerSec=1536000, nBlockAlign=32, wBitsPerSample=32, cbSize=22.
[LOG] OutputWASAPI::init                       : Mix Format (WAVEFORMATEXTENSIBLE): wValidBitsPerSample=32, dwChannelMask=0x0000063F, SubFormat=00000003-0000-0010-8000-00AA00389B71.
[LOG] OutputWASAPI::init                       : Output buffer size: 4096 samples, latency: 0.00ms, period: 10.00ms, DSP buffer: 1024 * 4
[LOG] DownMix::init                            : dspbuffersize: 1024  rate: 48000. output speaker mode: 7, input speaker mode 3
[LOG] DownMix::init                            : done.
[LOG] Thread::initThread                       : Init FMOD stream thread. Affinity: 0x4000000000000003, Priority: 0xFFFF7FFB, Stack Size: 98304, Semaphore: No, Sleep Time: 10, Looping: Yes.
[LOG] Thread::initThread                       : Init FMOD mixer thread. Affinity: 0x4000000000000001, Priority: 0xFFFF7FFA, Stack Size: 81920, Semaphore: No, Sleep Time: 0, Looping: Yes.
[LOG] AsyncManager::init                       : manager 0000029DD5F471D8 isAsync 0 updatePeriod 0.02
[LOG] AsyncManager::init                       : done
[LOG] PlaybackSystem::init                     : 
[LOG] Thread::initThread                       : Init FMOD Studio sample load thread. Affinity: 0x4000000000000003, Priority: 0xFFFF7FFD, Stack Size: 98304, Semaphore: No, Sleep Time: 1, Looping: No.
[LOG] PlaybackSystem::init                     : done
[LOG] Thread::initThread                       : Init FMOD Studio bank load thread. Affinity: 0x4000000000000003, Priority: 0xFFFF7FFD, Stack Size: 98304, Semaphore: No, Sleep Time: 1, Looping: No.
[LOG] Manager::init                            : done.
[LOG] SystemI::createSoundInternal             : Create name='', mode=0x02000202
[LOG] SystemI::createSoundInternal             : exinfo->cbsize             = 224
[LOG] SystemI::createSoundInternal             : exinfo->length             = 21502400
[LOG] SystemI::createSoundInternal             : exinfo->fileoffset         = 77664
[LOG] SystemI::createSoundInternal             : exinfo->numsubsounds       = 1
[LOG] SystemI::createSoundInternal             : exinfo->inclusionlist      = 000000F21909EF08
[LOG] SystemI::createSoundInternal             : exinfo->inclusionlistnum   = 1
[LOG] SystemI::createSoundInternal             : exinfo->suggestedsoundtype = 5
[LOG] SystemI::createSoundInternal             : exinfo->useropen           = 00007FFE2DA13CA0
[LOG] SystemI::createSoundInternal             : exinfo->userclose          = 00007FFE2DA13C60
[LOG] SystemI::createSoundInternal             : exinfo->userread           = 00007FFE2DA13D80
[LOG] SystemI::createSoundInternal             : exinfo->userseek           = 00007FFE2DA13E40
[LOG] SystemI::createSoundInternal             : exinfo->fileuserdata       = 0000029DD096E9A8
[LOG] SystemI::createSoundInternal             : exinfo->initialseekpostype = 1
[LOG] SystemI::DSPCodecPoolRegister            : register codec pool for pool type 5
[LOG] SystemI::createSoundInternal             : Sample 0/1: name='ambience_city_walla_chatter_3', format=5, channels=1, frequency=48000, lengthbytes=11040, lengthpcm=62415, pcmblocksize=0, loopstart=0, loopend=0, mode=0x00000000, channelmask=0x00000000, channelorder=0, peakvolume=0.236328.
[LOG] SystemI::createSoundInternal             : Create name='', mode=0x02000202
[LOG] SystemI::createSoundInternal             : exinfo->cbsize             = 224
[LOG] SystemI::createSoundInternal             : exinfo->length             = 21502400
[LOG] SystemI::createSoundInternal             : exinfo->fileoffset         = 77664
[LOG] SystemI::createSoundInternal             : exinfo->numsubsounds       = 1
[LOG] SystemI::createSoundInternal             : exinfo->inclusionlist      = 000000F21909EF08
[LOG] SystemI::createSoundInternal             : exinfo->inclusionlistnum   = 1
[LOG] SystemI::createSoundInternal             : exinfo->suggestedsoundtype = 5
[LOG] SystemI::createSoundInternal             : exinfo->useropen           = 00007FFE2DA13CA0
[LOG] SystemI::createSoundInternal             : exinfo->userclose          = 00007FFE2DA13C60
[LOG] SystemI::createSoundInternal             : exinfo->userread           = 00007FFE2DA13D80
[LOG] SystemI::createSoundInternal             : exinfo->userseek           = 00007FFE2DA13E40
[LOG] SystemI::createSoundInternal             : exinfo->fileuserdata       = 0000029DD096E9A8
[LOG] SystemI::createSoundInternal             : exinfo->initialseekpostype = 1
[LOG] SystemI::DSPCodecPoolRegister            : register codec pool for pool type 5
[LOG] SystemI::createSoundInternal             : Sample 0/1: name='ambience_city_traffic_train_1', format=5, channels=1, frequency=48000, lengthbytes=70848, lengthpcm=456000, pcmblocksize=0, loopstart=0, loopend=0, mode=0x00000000, channelmask=0x00000000, channelorder=0, peakvolume=0.610199.
[LOG] SystemI::createSoundInternal             : Create name='', mode=0x02000202
[LOG] SystemI::createSoundInternal             : exinfo->cbsize             = 224
[LOG] SystemI::createSoundInternal             : exinfo->length             = 21502400
[LOG] SystemI::createSoundInternal             : exinfo->fileoffset         = 77664
[LOG] SystemI::createSoundInternal             : exinfo->numsubsounds       = 1
[LOG] SystemI::createSoundInternal             : exinfo->inclusionlist      = 000000F21909EF08
[LOG] SystemI::createSoundInternal             : exinfo->inclusionlistnum   = 1
[LOG] SystemI::createSoundInternal             : exinfo->suggestedsoundtype = 5
[LOG] SystemI::createSoundInternal             : exinfo->useropen           = 00007FFE2DA13CA0
[LOG] SystemI::createSoundInternal             : exinfo->userclose          = 00007FFE2DA13C60
[LOG] SystemI::createSoundInternal             : exinfo->userread           = 00007FFE2DA13D80
[LOG] SystemI::createSoundInternal             : exinfo->userseek           = 00007FFE2DA13E40
[LOG] SystemI::createSoundInternal             : exinfo->fileuserdata       = 0000029DD096E9A8
[LOG] SystemI::createSoundInternal             : exinfo->initialseekpostype = 1
[LOG] SystemI::DSPCodecPoolRegister            : register codec pool for pool type 5
[LOG] SystemI::createSoundInternal             : Sample 0/1: name='ambience_city_traffic_passing_7', format=5, channels=1, frequency=48000, lengthbytes=52032, lengthpcm=336000, pcmblocksize=0, loopstart=0, loopend=0, mode=0x00000000, channelmask=0x00000000, channelorder=0, peakvolume=0.450470.
[LOG] SystemI::createSoundInternal             : Create name='', mode=0x02000202
[LOG] SystemI::createSoundInternal             : exinfo->cbsize             = 224
[LOG] SystemI::createSoundInternal             : exinfo->length             = 21502400
[LOG] SystemI::createSoundInternal             : exinfo->fileoffset         = 77664
[LOG] SystemI::createSoundInternal             : exinfo->numsubsounds       = 1
[LOG] SystemI::createSoundInternal             : exinfo->inclusionlist      = 000000F21909EF08
[LOG] SystemI::createSoundInternal             : exinfo->inclusionlistnum   = 1
[LOG] SystemI::createSoundInternal             : exinfo->suggestedsoundtype = 5
[LOG] SystemI::createSoundInternal             : exinfo->useropen           = 00007FFE2DA13CA0
[LOG] SystemI::createSoundInternal             : exinfo->userclose          = 00007FFE2DA13C60
[LOG] SystemI::createSoundInternal             : exinfo->userread           = 00007FFE2DA13D80
[LOG] SystemI::createSoundInternal             : exinfo->userseek           = 00007FFE2DA13E40
[LOG] SystemI::createSoundInternal             : exinfo->fileuserdata       = 0000029DD096E9A8
[LOG] SystemI::createSoundInternal             : exinfo->initialseekpostype = 1
[LOG] SystemI::DSPCodecPoolRegister            : register codec pool for pool type 5
[LOG] SystemI::createSoundInternal             : Sample 0/1: name='ambience_city_traffic_horn_1', format=5, channels=1, frequency=48000, lengthbytes=5568, lengthpcm=29492, pcmblocksize=0, loopstart=0, loopend=0, mode=0x00000000, channelmask=0x00000000, channelorder=0, peakvolume=0.543518.
[LOG] SystemI::createSoundInternal             : Create name='', mode=0x02000202
[LOG] SystemI::createSoundInternal             : exinfo->cbsize             = 224
[LOG] SystemI::createSoundInternal             : exinfo->length             = 21502400
[LOG] SystemI::createSoundInternal             : exinfo->fileoffset         = 77664
[LOG] SystemI::createSoundInternal             : exinfo->numsubsounds       = 1
[LOG] SystemI::createSoundInternal             : exinfo->inclusionlist      = 000000F21909EF08
[LOG] SystemI::createSoundInternal             : exinfo->inclusionlistnum   = 1
[LOG] SystemI::createSoundInternal             : exinfo->suggestedsoundtype = 5
[LOG] SystemI::createSoundInternal             : exinfo->useropen           = 00007FFE2DA13CA0
[LOG] SystemI::createSoundInternal             : exinfo->userclose          = 00007FFE2DA13C60
[LOG] SystemI::createSoundInternal             : exinfo->userread           = 00007FFE2DA13D80
[LOG] SystemI::createSoundInternal             : exinfo->userseek           = 00007FFE2DA13E40
[LOG] SystemI::createSoundInternal             : exinfo->fileuserdata       = 0000029DD096E9A8
[LOG] SystemI::createSoundInternal             : exinfo->initialseekpostype = 1
[LOG] SystemI::DSPCodecPoolRegister            : register codec pool for pool type 5
[LOG] SystemI::createSoundInternal             : Sample 0/1: name='ambience_city_traffic_passing_3', format=5, channels=1, frequency=48000, lengthbytes=72064, lengthpcm=480000, pcmblocksize=0, loopstart=0, loopend=0, mode=0x00000000, channelmask=0x00000000, channelorder=0, peakvolume=0.517059.
[LOG] SystemI::createSoundInternal             : Create name='', mode=0x02000202
[LOG] SystemI::createSoundInternal             : exinfo->cbsize             = 224
[LOG] SystemI::createSoundInternal             : exinfo->length             = 21502400
[LOG] SystemI::createSoundInternal             : exinfo->fileoffset         = 77664
[LOG] SystemI::createSoundInternal             : exinfo->numsubsounds       = 1
[LOG] SystemI::createSoundInternal             : exinfo->inclusionlist      = 000000F21909EF08
[LOG] SystemI::createSoundInternal             : exinfo->inclusionlistnum   = 1
[LOG] SystemI::createSoundInternal             : exinfo->suggestedsoundtype = 5
[LOG] SystemI::createSoundInternal             : exinfo->useropen           = 00007FFE2DA13CA0
[LOG] SystemI::createSoundInternal             : exinfo->userclose          = 00007FFE2DA13C60
[LOG] SystemI::createSoundInternal             : exinfo->userread           = 00007FFE2DA13D80
[LOG] SystemI::createSoundInternal             : exinfo->userseek           = 00007FFE2DA13E40
[LOG] SystemI::createSoundInternal             : exinfo->fileuserdata       = 0000029DD096E9A8
[LOG] SystemI::createSoundInternal             : exinfo->initialseekpostype = 1
[LOG] SystemI::DSPCodecPoolRegister            : register codec pool for pool type 5
[LOG] SystemI::createSoundInternal             : Sample 0/1: name='ambience_city_walla_chatter_13', format=5, channels=1, frequency=48000, lengthbytes=12256, lengthpcm=68297, pcmblocksize=0, loopstart=0, loopend=0, mode=0x00000000, channelmask=0x00000000, channelorder=0, peakvolume=0.260681.
[LOG] SystemI::createSoundInternal             : Create name='', mode=0x02000202
[LOG] SystemI::createSoundInternal             : exinfo->cbsize             = 224
[LOG] SystemI::createSoundInternal             : exinfo->length             = 21502400
[LOG] SystemI::createSoundInternal             : exinfo->fileoffset         = 77664
[LOG] SystemI::createSoundInternal             : exinfo->numsubsounds       = 1
[LOG] SystemI::createSoundInternal             : exinfo->inclusionlist      = 000000F21909EF08
[LOG] SystemI::createSoundInternal             : exinfo->inclusionlistnum   = 1
[LOG] SystemI::createSoundInternal             : exinfo->suggestedsoundtype = 5
[LOG] SystemI::createSoundInternal             : exinfo->useropen           = 00007FFE2DA13CA0
[LOG] SystemI::createSoundInternal             : exinfo->userclose          = 00007FFE2DA13C60
[LOG] SystemI::createSoundInternal             : exinfo->userread           = 00007FFE2DA13D80
[LOG] SystemI::createSoundInternal             : exinfo->userseek           = 00007FFE2DA13E40
[LOG] SystemI::createSoundInternal             : exinfo->fileuserdata       = 0000029DD096E9A8
[LOG] SystemI::createSoundInternal             : exinfo->initialseekpostype = 1
[LOG] SystemI::DSPCodecPoolRegister            : register codec pool for pool type 5
[LOG] SystemI::createSoundInternal             : Sample 0/1: name='ambience_city_walla_chatter_1', format=5, channels=1, frequency=48000, lengthbytes=8672, lengthpcm=49319, pcmblocksize=0, loopstart=0, loopend=0, mode=0x00000000, channelmask=0x00000000, channelorder=0, peakvolume=0.289001.
[LOG] SystemI::createSoundInternal             : Create name='', mode=0x02000202
[LOG] SystemI::createSoundInternal             : exinfo->cbsize             = 224
[LOG] SystemI::createSoundInternal             : exinfo->length             = 21502400
[LOG] SystemI::createSoundInternal             : exinfo->fileoffset         = 77664
[LOG] SystemI::createSoundInternal             : exinfo->numsubsounds       = 1
[LOG] SystemI::createSoundInternal             : exinfo->inclusionlist      = 000000F21909EF08
[LOG] SystemI::createSoundInternal             : exinfo->inclusionlistnum   = 1
[LOG] SystemI::createSoundInternal             : exinfo->suggestedsoundtype = 5
[LOG] SystemI::createSoundInternal             : exinfo->useropen           = 00007FFE2DA13CA0
[LOG] SystemI::createSoundInternal             : exinfo->userclose          = 00007FFE2DA13C60
[LOG] SystemI::createSoundInternal             : exinfo->userread           = 00007FFE2DA13D80
[LOG] SystemI::createSoundInternal             : exinfo->userseek           = 00007FFE2DA13E40
[LOG] SystemI::createSoundInternal             : exinfo->fileuserdata       = 0000029DD096E9A8
[LOG] SystemI::createSoundInternal             : exinfo->initialseekpostype = 1
[LOG] SystemI::DSPCodecPoolRegister            : register codec pool for pool type 5
[LOG] SystemI::createSoundInternal             : Sample 0/1: name='ambience_city_traffic_horn_5', format=5, channels=1, frequency=48000, lengthbytes=64384, lengthpcm=417999, pcmblocksize=0, loopstart=0, loopend=0, mode=0x00000000, channelmask=0x00000000, channelorder=0, peakvolume=0.296265.
[LOG] SystemI::createSoundInternal             : Create name='', mode=0x02000202
[LOG] SystemI::createSoundInternal             : exinfo->cbsize             = 224
[LOG] SystemI::createSoundInternal             : exinfo->length             = 21502400
[LOG] SystemI::createSoundInternal             : exinfo->fileoffset         = 77664
[LOG] SystemI::createSoundInternal             : exinfo->numsubsounds       = 1
[LOG] SystemI::createSoundInternal             : exinfo->inclusionlist      = 000000F21909EF08
[LOG] SystemI::createSoundInternal             : exinfo->inclusionlistnum   = 1
[LOG] SystemI::createSoundInternal             : exinfo->suggestedsoundtype = 5
[LOG] SystemI::createSoundInternal             : exinfo->useropen           = 00007FFE2DA13CA0
[LOG] SystemI::createSoundInternal             : exinfo->userclose          = 00007FFE2DA13C60
[LOG] SystemI::createSoundInternal             : exinfo->userread           = 00007FFE2DA13D80
[LOG] SystemI::createSoundInternal             : exinfo->userseek           = 00007FFE2DA13E40
[LOG] SystemI::createSoundInternal             : exinfo->fileuserdata       = 0000029DD096E9A8
[LOG] SystemI::createSoundInternal             : exinfo->initialseekpostype = 1
[LOG] SystemI::DSPCodecPoolRegister            : register codec pool for pool type 5
[LOG] SystemI::createSoundInternal             : Sample 0/1: name='ambience_city_traffic_train_2', format=5, channels=1, frequency=48000, lengthbytes=73344, lengthpcm=456000, pcmblocksize=0, loopstart=0, loopend=0, mode=0x00000000, channelmask=0x00000000, channelorder=0, peakvolume=0.515930.
[LOG] SystemI::createSoundInternal             : Create name='', mode=0x02000202
[LOG] SystemI::createSoundInternal             : exinfo->cbsize             = 224
[LOG] SystemI::createSoundInternal             : exinfo->length             = 21502400
[LOG] SystemI::createSoundInternal             : exinfo->fileoffset         = 77664
[LOG] SystemI::createSoundInternal             : exinfo->numsubsounds       = 1
[LOG] SystemI::createSoundInternal             : exinfo->inclusionlist      = 000000F21909EF08
[LOG] SystemI::createSoundInternal             : exinfo->inclusionlistnum   = 1
[LOG] SystemI::createSoundInternal             : exinfo->suggestedsoundtype = 5
[LOG] SystemI::createSoundInternal             : exinfo->useropen           = 00007FFE2DA13CA0
[LOG] SystemI::createSoundInternal             : exinfo->userclose          = 00007FFE2DA13C60
[LOG] SystemI::createSoundInternal             : exinfo->userread           = 00007FFE2DA13D80
[LOG] SystemI::createSoundInternal             : exinfo->userseek           = 00007FFE2DA13E40
[LOG] SystemI::createSoundInternal             : exinfo->fileuserdata       = 0000029DD096E9A8
[LOG] SystemI::createSoundInternal             : exinfo->initialseekpostype = 1
[LOG] SystemI::DSPCodecPoolRegister            : register codec pool for pool type 5
[LOG] SystemI::createSoundInternal             : Sample 0/1: name='ambience_city_traffic_passing_2', format=5, channels=1, frequency=48000, lengthbytes=70816, lengthpcm=432000, pcmblocksize=0, loopstart=0, loopend=0, mode=0x00000000, channelmask=0x00000000, channelorder=0, peakvolume=0.534760.
[LOG] SystemI::createSoundInternal             : Create name='', mode=0x02000202
[LOG] SystemI::createSoundInternal             : exinfo->cbsize             = 224
[LOG] SystemI::createSoundInternal             : exinfo->length             = 21502400
[LOG] SystemI::createSoundInternal             : exinfo->fileoffset         = 77664
[LOG] SystemI::createSoundInternal             : exinfo->numsubsounds       = 1
[LOG] SystemI::createSoundInternal             : exinfo->inclusionlist      = 000000F21909EF08
[LOG] SystemI::createSoundInternal             : exinfo->inclusionlistnum   = 1
[LOG] SystemI::createSoundInternal             : exinfo->suggestedsoundtype = 5
[LOG] SystemI::createSoundInternal             : exinfo->useropen           = 00007FFE2DA13CA0
[LOG] SystemI::createSoundInternal             : exinfo->userclose          = 00007FFE2DA13C60
[LOG] SystemI::createSoundInternal             : exinfo->userread           = 00007FFE2DA13D80
[LOG] SystemI::createSoundInternal             : exinfo->userseek           = 00007FFE2DA13E40
[LOG] SystemI::createSoundInternal             : exinfo->fileuserdata       = 0000029DD096E9A8
[LOG] SystemI::createSoundInternal             : exinfo->initialseekpostype = 1
[LOG] SystemI::DSPCodecPoolRegister            : register codec pool for pool type 5
[LOG] SystemI::createSoundInternal             : Sample 0/1: name='ambience_city_traffic_siren', format=5, channels=1, frequency=48000, lengthbytes=51744, lengthpcm=384000, pcmblocksize=0, loopstart=0, loopend=0, mode=0x00000000, channelmask=0x00000000, channelorder=0, peakvolume=0.707397.
[LOG] SystemI::createSoundInternal             : Create name='', mode=0x02000202
[LOG] SystemI::createSoundInternal             : exinfo->cbsize             = 224
[LOG] SystemI::createSoundInternal             : exinfo->length             = 21502400
[LOG] SystemI::createSoundInternal             : exinfo->fileoffset         = 77664
[LOG] SystemI::createSoundInternal             : exinfo->numsubsounds       = 1
[LOG] SystemI::createSoundInternal             : exinfo->inclusionlist      = 000000F21909EF08
[LOG] SystemI::createSoundInternal             : exinfo->inclusionlistnum   = 1
[LOG] SystemI::createSoundInternal             : exinfo->suggestedsoundtype = 5
[LOG] SystemI::createSoundInternal             : exinfo->useropen           = 00007FFE2DA13CA0
[LOG] SystemI::createSoundInternal             : exinfo->userclose          = 00007FFE2DA13C60
[LOG] SystemI::createSoundInternal             : exinfo->userread           = 00007FFE2DA13D80
[LOG] SystemI::createSoundInternal             : exinfo->userseek           = 00007FFE2DA13E40
[LOG] SystemI::createSoundInternal             : exinfo->fileuserdata       = 0000029DD096E9A8
[LOG] SystemI::createSoundInternal             : exinfo->initialseekpostype = 1
[LOG] SystemI::DSPCodecPoolRegister            : register codec pool for pool type 5
[LOG] SystemI::createSoundInternal             : Sample 0/1: name='ambience_city_walla_chatter_4', format=5, channels=1, frequency=48000, lengthbytes=14144, lengthpcm=104629, pcmblocksize=0, loopstart=0, loopend=0, mode=0x00000000, channelmask=0x00000000, channelorder=0, peakvolume=0.284790.
[LOG] SystemI::createSoundInternal             : Create name='', mode=0x02000202
[LOG] SystemI::createSoundInternal             : exinfo->cbsize             = 224
[LOG] SystemI::createSoundInternal             : exinfo->length             = 21502400
[LOG] SystemI::createSoundInternal             : exinfo->fileoffset         = 77664
[LOG] SystemI::createSoundInternal             : exinfo->numsubsounds       = 1
[LOG] SystemI::createSoundInternal             : exinfo->inclusionlist      = 000000F21909EF08
[LOG] SystemI::createSoundInternal             : exinfo->inclusionlistnum   = 1
[LOG] SystemI::createSoundInternal             : exinfo->suggestedsoundtype = 5
[LOG] SystemI::createSoundInternal             : exinfo->useropen           = 00007FFE2DA13CA0
[LOG] SystemI::createSoundInternal             : exinfo->userclose          = 00007FFE2DA13C60
[LOG] SystemI::createSoundInternal             : exinfo->userread           = 00007FFE2DA13D80
[LOG] SystemI::createSoundInternal             : exinfo->userseek           = 00007FFE2DA13E40
[LOG] SystemI::createSoundInternal             : exinfo->fileuserdata       = 0000029DD096E9A8
[LOG] SystemI::createSoundInternal             : exinfo->initialseekpostype = 1
[LOG] SystemI::DSPCodecPoolRegister            : register codec pool for pool type 5
[LOG] SystemI::createSoundInternal             : Sample 0/1: name='ambience_city_walla_chatter_6', format=5, channels=1, frequency=48000, lengthbytes=5792, lengthpcm=32693, pcmblocksize=0, loopstart=0, loopend=0, mode=0x00000000, channelmask=0x00000000, channelorder=0, peakvolume=0.562469.
[LOG] SystemI::createSoundInternal             : Create name='', mode=0x02000202
[LOG] SystemI::createSoundInternal             : exinfo->cbsize             = 224
[LOG] SystemI::createSoundInternal             : exinfo->length             = 21502400
[LOG] SystemI::createSoundInternal             : exinfo->fileoffset         = 77664
[LOG] SystemI::createSoundInternal             : exinfo->numsubsounds       = 1
[LOG] SystemI::createSoundInternal             : exinfo->inclusionlist      = 000000F21909EF08
[LOG] SystemI::createSoundInternal             : exinfo->inclusionlistnum   = 1
[LOG] SystemI::createSoundInternal             : exinfo->suggestedsoundtype = 5
[LOG] SystemI::createSoundInternal             : exinfo->useropen           = 00007FFE2DA13CA0
[LOG] SystemI::createSoundInternal             : exinfo->userclose          = 00007FFE2DA13C60
[LOG] SystemI::createSoundInternal             : exinfo->userread           = 00007FFE2DA13D80
[LOG] SystemI::createSoundInternal             : exinfo->userseek           = 00007FFE2DA13E40
[LOG] SystemI::createSoundInternal             : exinfo->fileuserdata       = 0000029DD096E9A8
[LOG] SystemI::createSoundInternal             : exinfo->initialseekpostype = 1
[LOG] SystemI::DSPCodecPoolRegister            : register codec pool for pool type 5
[LOG] SystemI::createSoundInternal             : Sample 0/1: name='ambience_city_walla_chatter_11', format=5, channels=1, frequency=48000, lengthbytes=16128, lengthpcm=108202, pcmblocksize=0, loopstart=0, loopend=0, mode=0x00000000, channelmask=0x00000000, channelorder=0, peakvolume=0.857147.
[LOG] SystemI::createSoundInternal             : Create name='', mode=0x02000202
[LOG] SystemI::createSoundInternal             : exinfo->cbsize             = 224
[LOG] SystemI::createSoundInternal             : exinfo->length             = 21502400
[LOG] SystemI::createSoundInternal             : exinfo->fileoffset         = 77664
[LOG] SystemI::createSoundInternal             : exinfo->numsubsounds       = 1
[LOG] SystemI::createSoundInternal             : exinfo->inclusionlist      = 000000F21909EF08
[LOG] SystemI::createSoundInternal             : exinfo->inclusionlistnum   = 1
[LOG] SystemI::createSoundInternal             : exinfo->suggestedsoundtype = 5
[LOG] SystemI::createSoundInternal             : exinfo->useropen           = 00007FFE2DA13CA0
[LOG] SystemI::createSoundInternal             : exinfo->userclose          = 00007FFE2DA13C60
[LOG] SystemI::createSoundInternal             : exinfo->userread           = 00007FFE2DA13D80
[LOG] SystemI::createSoundInternal             : exinfo->userseek           = 00007FFE2DA13E40
[LOG] SystemI::createSoundInternal             : exinfo->fileuserdata       = 0000029DD096E9A8
[LOG] SystemI::createSoundInternal             : exinfo->initialseekpostype = 1
[LOG] SystemI::DSPCodecPoolRegister            : register codec pool for pool type 5
[LOG] SystemI::createSoundInternal             : Sample 0/1: name='ambience_city_traffic_passing_4', format=5, channels=1, frequency=48000, lengthbytes=73024, lengthpcm=456000, pcmblocksize=0, loopstart=0, loopend=0, mode=0x00000000, channelmask=0x00000000, channelorder=0, peakvolume=0.724792.
[LOG] SystemI::createSoundInternal             : Create name='', mode=0x02000202
[LOG] SystemI::createSoundInternal             : exinfo->cbsize             = 224
[LOG] SystemI::createSoundInternal             : exinfo->length             = 21502400
[LOG] SystemI::createSoundInternal             : exinfo->fileoffset         = 77664
[LOG] SystemI::createSoundInternal             : exinfo->numsubsounds       = 1
[LOG] SystemI::createSoundInternal             : exinfo->inclusionlist      = 000000F21909EF08
[LOG] SystemI::createSoundInternal             : exinfo->inclusionlistnum   = 1
[LOG] SystemI::createSoundInternal             : exinfo->suggestedsoundtype = 5
[LOG] SystemI::createSoundInternal             : exinfo->useropen           = 00007FFE2DA13CA0
[LOG] SystemI::createSoundInternal             : exinfo->userclose          = 00007FFE2DA13C60
[LOG] SystemI::createSoundInternal             : exinfo->userread           = 00007FFE2DA13D80
[LOG] SystemI::createSoundInternal             : exinfo->userseek           = 00007FFE2DA13E40
[LOG] SystemI::createSoundInternal             : exinfo->fileuserdata       = 0000029DD096E9A8
[LOG] SystemI::createSoundInternal             : exinfo->initialseekpostype = 1
[LOG] SystemI::DSPCodecPoolRegister            : register codec pool for pool type 5
[LOG] SystemI::createSoundInternal             : Sample 0/1: name='ambience_city_traffic_passing_1', format=5, channels=1, frequency=48000, lengthbytes=42400, lengthpcm=288000, pcmblocksize=0, loopstart=0, loopend=0, mode=0x00000000, channelmask=0x00000000, channelorder=0, peakvolume=0.454803.
[LOG] SystemI::createSoundInternal             : Create name='', mode=0x02000202
[LOG] SystemI::createSoundInternal             : exinfo->cbsize             = 224
[LOG] SystemI::createSoundInternal             : exinfo->length             = 21502400
[LOG] SystemI::createSoundInternal             : exinfo->fileoffset         = 77664
[LOG] SystemI::createSoundInternal             : exinfo->numsubsounds       = 1
[LOG] SystemI::createSoundInternal             : exinfo->inclusionlist      = 000000F21909EF08
[LOG] SystemI::createSoundInternal             : exinfo->inclusionlistnum   = 1
[LOG] SystemI::createSoundInternal             : exinfo->suggestedsoundtype = 5
[LOG] SystemI::createSoundInternal             : exinfo->useropen           = 00007FFE2DA13CA0
[LOG] SystemI::createSoundInternal             : exinfo->userclose          = 00007FFE2DA13C60
[LOG] SystemI::createSoundInternal             : exinfo->userread           = 00007FFE2DA13D80
[LOG] SystemI::createSoundInternal             : exinfo->userseek           = 00007FFE2DA13E40
[LOG] SystemI::createSoundInternal             : exinfo->fileuserdata       = 0000029DD096E9A8
[LOG] SystemI::createSoundInternal             : exinfo->initialseekpostype = 1
[LOG] SystemI::DSPCodecPoolRegister            : register codec pool for pool type 5
[LOG] SystemI::createSoundInternal             : Sample 0/1: name='ambience_city_walla_chatter_14', format=5, channels=1, frequency=48000, lengthbytes=11040, lengthpcm=62415, pcmblocksize=0, loopstart=0, loopend=0, mode=0x00000000, channelmask=0x00000000, channelorder=0, peakvolume=0.236328.
[LOG] SystemI::createSoundInternal             : Create name='', mode=0x02000202
[LOG] SystemI::createSoundInternal             : exinfo->cbsize             = 224
[LOG] SystemI::createSoundInternal             : exinfo->length             = 21502400
[LOG] SystemI::createSoundInternal             : exinfo->fileoffset         = 77664
[LOG] SystemI::createSoundInternal             : exinfo->numsubsounds       = 1
[LOG] SystemI::createSoundInternal             : exinfo->inclusionlist      = 000000F21909EF08
[LOG] SystemI::createSoundInternal             : exinfo->inclusionlistnum   = 1
[LOG] SystemI::createSoundInternal             : exinfo->suggestedsoundtype = 5
[LOG] SystemI::createSoundInternal             : exinfo->useropen           = 00007FFE2DA13CA0
[LOG] SystemI::createSoundInternal             : exinfo->userclose          = 00007FFE2DA13C60
[LOG] SystemI::createSoundInternal             : exinfo->userread           = 00007FFE2DA13D80
[LOG] SystemI::createSoundInternal             : exinfo->userseek           = 00007FFE2DA13E40
[LOG] SystemI::createSoundInternal             : exinfo->fileuserdata       = 0000029DD096E9A8
[LOG] SystemI::createSoundInternal             : exinfo->initialseekpostype = 1
[LOG] SystemI::DSPCodecPoolRegister            : register codec pool for pool type 5
[LOG] SystemI::createSoundInternal             : Sample 0/1: name='ambience_city_traffic_horn_2', format=5, channels=1, frequency=48000, lengthbytes=8512, lengthpcm=48000, pcmblocksize=0, loopstart=0, loopend=0, mode=0x00000000, channelmask=0x00000000, channelorder=0, peakvolume=0.540314.
[LOG] SystemI::createSoundInternal             : Create name='', mode=0x02000202
[LOG] SystemI::createSoundInternal             : exinfo->cbsize             = 224
[LOG] SystemI::createSoundInternal             : exinfo->length             = 21502400
[LOG] SystemI::createSoundInternal             : exinfo->fileoffset         = 77664
[LOG] SystemI::createSoundInternal             : exinfo->numsubsounds       = 1
[LOG] SystemI::createSoundInternal             : exinfo->inclusionlist      = 000000F21909EF08
[LOG] SystemI::createSoundInternal             : exinfo->inclusionlistnum   = 1
[LOG] SystemI::createSoundInternal             : exinfo->suggestedsoundtype = 5
[LOG] SystemI::createSoundInternal             : exinfo->useropen           = 00007FFE2DA13CA0
[LOG] SystemI::createSoundInternal             : exinfo->userclose          = 00007FFE2DA13C60
[LOG] SystemI::createSoundInternal             : exinfo->userread           = 00007FFE2DA13D80
[LOG] SystemI::createSoundInternal             : exinfo->userseek           = 00007FFE2DA13E40
[LOG] SystemI::createSoundInternal             : exinfo->fileuserdata       = 0000029DD096E9A8
[LOG] SystemI::createSoundInternal             : exinfo->initialseekpostype = 1
[LOG] SystemI::DSPCodecPoolRegister            : register codec pool for pool type 5
[LOG] SystemI::createSoundInternal             : Sample 0/1: name='ambience_city_walla_chatter_9', format=5, channels=1, frequency=48000, lengthbytes=41120, lengthpcm=231192, pcmblocksize=0, loopstart=0, loopend=0, mode=0x00000000, channelmask=0x00000000, channelorder=0, peakvolume=0.512726.
[LOG] SystemI::createSoundInternal             : Create name='', mode=0x02000202
[LOG] SystemI::createSoundInternal             : exinfo->cbsize             = 224
[LOG] SystemI::createSoundInternal             : exinfo->length             = 21502400
[LOG] SystemI::createSoundInternal             : exinfo->fileoffset         = 77664
[LOG] SystemI::createSoundInternal             : exinfo->numsubsounds       = 1
[LOG] SystemI::createSoundInternal             : exinfo->inclusionlist      = 000000F21909EF08
[LOG] SystemI::createSoundInternal             : exinfo->inclusionlistnum   = 1
[LOG] SystemI::createSoundInternal             : exinfo->suggestedsoundtype = 5
[LOG] SystemI::createSoundInternal             : exinfo->useropen           = 00007FFE2DA13CA0
[LOG] SystemI::createSoundInternal             : exinfo->userclose          = 00007FFE2DA13C60
[LOG] SystemI::createSoundInternal             : exinfo->userread           = 00007FFE2DA13D80
[LOG] SystemI::createSoundInternal             : exinfo->userseek           = 00007FFE2DA13E40
[LOG] SystemI::createSoundInternal             : exinfo->fileuserdata       = 0000029DD096E9A8
[LOG] SystemI::createSoundInternal             : exinfo->initialseekpostype = 1
[LOG] SystemI::DSPCodecPoolRegister            : register codec pool for pool type 5
[LOG] SystemI::createSoundInternal             : Sample 0/1: name='ambience_city_walla_chatter_2', format=5, channels=1, frequency=48000, lengthbytes=27424, lengthpcm=196907, pcmblocksize=0, loopstart=0, loopend=0, mode=0x00000000, channelmask=0x00000000, channelorder=0, peakvolume=0.213898.
[LOG] SystemI::createSoundInternal             : Create name='', mode=0x02000202
[LOG] SystemI::createSoundInternal             : exinfo->cbsize             = 224
[LOG] SystemI::createSoundInternal             : exinfo->length             = 21502400
[LOG] SystemI::createSoundInternal             : exinfo->fileoffset         = 77664
[LOG] SystemI::createSoundInternal             : exinfo->numsubsounds       = 1
[LOG] SystemI::createSoundInternal             : exinfo->inclusionlist      = 000000F21909EF08
[LOG] SystemI::createSoundInternal             : exinfo->inclusionlistnum   = 1
[LOG] SystemI::createSoundInternal             : exinfo->suggestedsoundtype = 5
[LOG] SystemI::createSoundInternal             : exinfo->useropen           = 00007FFE2DA13CA0
[LOG] SystemI::createSoundInternal             : exinfo->userclose          = 00007FFE2DA13C60
[LOG] SystemI::createSoundInternal             : exinfo->userread           = 00007FFE2DA13D80
[LOG] SystemI::createSoundInternal             : exinfo->userseek           = 00007FFE2DA13E40
[LOG] SystemI::createSoundInternal             : exinfo->fileuserdata       = 0000029DD096E9A8
[LOG] SystemI::createSoundInternal             : exinfo->initialseekpostype = 1
[LOG] SystemI::DSPCodecPoolRegister            : register codec pool for pool type 5
[LOG] SystemI::createSoundInternal             : Sample 0/1: name='ambience_city_walla_chatter_15', format=5, channels=1, frequency=48000, lengthbytes=12480, lengthpcm=72725, pcmblocksize=0, loopstart=0, loopend=0, mode=0x00000000, channelmask=0x00000000, channelorder=0, peakvolume=0.287933.
[LOG] SystemI::createSoundInternal             : Create name='', mode=0x02000202
[LOG] SystemI::createSoundInternal             : exinfo->cbsize             = 224
[LOG] SystemI::createSoundInternal             : exinfo->length             = 21502400
[LOG] SystemI::createSoundInternal             : exinfo->fileoffset         = 77664
[LOG] SystemI::createSoundInternal             : exinfo->numsubsounds       = 1
[LOG] SystemI::createSoundInternal             : exinfo->inclusionlist      = 000000F21909EF08
[LOG] SystemI::createSoundInternal             : exinfo->inclusionlistnum   = 1
[LOG] SystemI::createSoundInternal             : exinfo->suggestedsoundtype = 5
[LOG] SystemI::createSoundInternal             : exinfo->useropen           = 00007FFE2DA13CA0
[LOG] SystemI::createSoundInternal             : exinfo->userclose          = 00007FFE2DA13C60
[LOG] SystemI::createSoundInternal             : exinfo->userread           = 00007FFE2DA13D80
[LOG] SystemI::createSoundInternal             : exinfo->userseek           = 00007FFE2DA13E40
[LOG] SystemI::createSoundInternal             : exinfo->fileuserdata       = 0000029DD096E9A8
[LOG] SystemI::createSoundInternal             : exinfo->initialseekpostype = 1
[LOG] SystemI::DSPCodecPoolRegister            : register codec pool for pool type 5
[LOG] SystemI::createSoundInternal             : Sample 0/1: name='ambience_city_walla_chatter_7', format=5, channels=1, frequency=48000, lengthbytes=6464, lengthpcm=42101, pcmblocksize=0, loopstart=0, loopend=0, mode=0x00000000, channelmask=0x00000000, channelorder=0, peakvolume=0.445862.
[LOG] SystemI::createSoundInternal             : Create name='', mode=0x02000202
[LOG] SystemI::createSoundInternal             : exinfo->cbsize             = 224
[LOG] SystemI::createSoundInternal             : exinfo->length             = 21502400
[LOG] SystemI::createSoundInternal             : exinfo->fileoffset         = 77664
[LOG] SystemI::createSoundInternal             : exinfo->numsubsounds       = 1
[LOG] SystemI::createSoundInternal             : exinfo->inclusionlist      = 000000F21909EF08
[LOG] SystemI::createSoundInternal             : exinfo->inclusionlistnum   = 1
[LOG] SystemI::createSoundInternal             : exinfo->suggestedsoundtype = 5
[LOG] SystemI::createSoundInternal             : exinfo->useropen           = 00007FFE2DA13CA0
[LOG] SystemI::createSoundInternal             : exinfo->userclose          = 00007FFE2DA13C60
[LOG] SystemI::createSoundInternal             : exinfo->userread           = 00007FFE2DA13D80
[LOG] SystemI::createSoundInternal             : exinfo->userseek           = 00007FFE2DA13E40
[LOG] SystemI::createSoundInternal             : exinfo->fileuserdata       = 0000029DD096E9A8
[LOG] SystemI::createSoundInternal             : exinfo->initialseekpostype = 1
[LOG] SystemI::DSPCodecPoolRegister            : register codec pool for pool type 5
[LOG] SystemI::createSoundInternal             : Sample 0/1: name='ambience_city_walla_chatter_16', format=5, channels=1, frequency=48000, lengthbytes=12704, lengthpcm=82199, pcmblocksize=0, loopstart=0, loopend=0, mode=0x00000000, channelmask=0x00000000, channelorder=0, peakvolume=0.364227.
[LOG] SystemI::createSoundInternal             : Create name='', mode=0x02000202
[LOG] SystemI::createSoundInternal             : exinfo->cbsize             = 224
[LOG] SystemI::createSoundInternal             : exinfo->length             = 21502400
[LOG] SystemI::createSoundInternal             : exinfo->fileoffset         = 77664
[LOG] SystemI::createSoundInternal             : exinfo->numsubsounds       = 1
[LOG] SystemI::createSoundInternal             : exinfo->inclusionlist      = 000000F21909EF08
[LOG] SystemI::createSoundInternal             : exinfo->inclusionlistnum   = 1
[LOG] SystemI::createSoundInternal             : exinfo->suggestedsoundtype = 5
[LOG] SystemI::createSoundInternal             : exinfo->useropen           = 00007FFE2DA13CA0
[LOG] SystemI::createSoundInternal             : exinfo->userclose          = 00007FFE2DA13C60
[LOG] SystemI::createSoundInternal             : exinfo->userread           = 00007FFE2DA13D80
[LOG] SystemI::createSoundInternal             : exinfo->userseek           = 00007FFE2DA13E40
[LOG] SystemI::createSoundInternal             : exinfo->fileuserdata       = 0000029DD096E9A8
[LOG] SystemI::createSoundInternal             : exinfo->initialseekpostype = 1
[LOG] SystemI::DSPCodecPoolRegister            : register codec pool for pool type 5
[LOG] SystemI::createSoundInternal             : Sample 0/1: name='ambience_city_traffic_passing_5', format=5, channels=1, frequency=48000, lengthbytes=73728, lengthpcm=400201, pcmblocksize=0, loopstart=0, loopend=0, mode=0x00000000, channelmask=0x00000000, channelorder=0, peakvolume=0.595276.
[LOG] SystemI::createSoundInternal             : Create name='', mode=0x02000202
[LOG] SystemI::createSoundInternal             : exinfo->cbsize             = 224
[LOG] SystemI::createSoundInternal             : exinfo->length             = 21502400
[LOG] SystemI::createSoundInternal             : exinfo->fileoffset         = 77664
[LOG] SystemI::createSoundInternal             : exinfo->numsubsounds       = 1
[LOG] SystemI::createSoundInternal             : exinfo->inclusionlist      = 000000F21909EF08
[LOG] SystemI::createSoundInternal             : exinfo->inclusionlistnum   = 1
[LOG] SystemI::createSoundInternal             : exinfo->suggestedsoundtype = 5
[LOG] SystemI::createSoundInternal             : exinfo->useropen           = 00007FFE2DA13CA0
[LOG] SystemI::createSoundInternal             : exinfo->userclose          = 00007FFE2DA13C60
[LOG] SystemI::createSoundInternal             : exinfo->userread           = 00007FFE2DA13D80
[LOG] SystemI::createSoundInternal             : exinfo->userseek           = 00007FFE2DA13E40
[LOG] SystemI::createSoundInternal             : exinfo->fileuserdata       = 0000029DD096E9A8
[LOG] SystemI::createSoundInternal             : exinfo->initialseekpostype = 1
[LOG] SystemI::DSPCodecPoolRegister            : register codec pool for pool type 5
[LOG] SystemI::createSoundInternal             : Sample 0/1: name='ambience_city_traffic_horn_3', format=5, channels=1, frequency=48000, lengthbytes=19936, lengthpcm=104690, pcmblocksize=0, loopstart=0, loopend=0, mode=0x00000000, channelmask=0x00000000, channelorder=0, peakvolume=0.615295.
[LOG] SystemI::createSoundInternal             : Create name='', mode=0x02000202
[LOG] SystemI::createSoundInternal             : exinfo->cbsize             = 224
[LOG] SystemI::createSoundInternal             : exinfo->length             = 21502400
[LOG] SystemI::createSoundInternal             : exinfo->fileoffset         = 77664
[LOG] SystemI::createSoundInternal             : exinfo->numsubsounds       = 1
[LOG] SystemI::createSoundInternal             : exinfo->inclusionlist      = 000000F21909EF08
[LOG] SystemI::createSoundInternal             : exinfo->inclusionlistnum   = 1
[LOG] SystemI::createSoundInternal             : exinfo->suggestedsoundtype = 5
[LOG] SystemI::createSoundInternal             : exinfo->useropen           = 00007FFE2DA13CA0
[LOG] SystemI::createSoundInternal             : exinfo->userclose          = 00007FFE2DA13C60
[LOG] SystemI::createSoundInternal             : exinfo->userread           = 00007FFE2DA13D80
[LOG] SystemI::createSoundInternal             : exinfo->userseek           = 00007FFE2DA13E40
[LOG] SystemI::createSoundInternal             : exinfo->fileuserdata       = 0000029DD096E9A8
[LOG] SystemI::createSoundInternal             : exinfo->initialseekpostype = 1
[LOG] SystemI::DSPCodecPoolRegister            : register codec pool for pool type 5
[LOG] SystemI::createSoundInternal             : Sample 0/1: name='ambience_city_walla_chatter_8', format=5, channels=1, frequency=48000, lengthbytes=26304, lengthpcm=149238, pcmblocksize=0, loopstart=0, loopend=0, mode=0x00000000, channelmask=0x00000000, channelorder=0, peakvolume=0.362732.
[LOG] SystemI::createSoundInternal             : Create name='', mode=0x02000202
[LOG] SystemI::createSoundInternal             : exinfo->cbsize             = 224
[LOG] SystemI::createSoundInternal             : exinfo->length             = 21502400
[LOG] SystemI::createSoundInternal             : exinfo->fileoffset         = 77664
[LOG] SystemI::createSoundInternal             : exinfo->numsubsounds       = 1
[LOG] SystemI::createSoundInternal             : exinfo->inclusionlist      = 000000F21909EF08
[LOG] SystemI::createSoundInternal             : exinfo->inclusionlistnum   = 1
[LOG] SystemI::createSoundInternal             : exinfo->suggestedsoundtype = 5
[LOG] SystemI::createSoundInternal             : exinfo->useropen           = 00007FFE2DA13CA0
[LOG] SystemI::createSoundInternal             : exinfo->userclose          = 00007FFE2DA13C60
[LOG] SystemI::createSoundInternal             : exinfo->userread           = 00007FFE2DA13D80
[LOG] SystemI::createSoundInternal             : exinfo->userseek           = 00007FFE2DA13E40
[LOG] SystemI::createSoundInternal             : exinfo->fileuserdata       = 0000029DD096E9A8
[LOG] SystemI::createSoundInternal             : exinfo->initialseekpostype = 1
[LOG] SystemI::DSPCodecPoolRegister            : register codec pool for pool type 5
[LOG] SystemI::createSoundInternal             : Sample 0/1: name='ambience_city_walla_chatter_12', format=5, channels=1, frequency=48000, lengthbytes=39648, lengthpcm=249760, pcmblocksize=0, loopstart=0, loopend=0, mode=0x00000000, channelmask=0x00000000, channelorder=0, peakvolume=0.367737.
[LOG] SystemI::createSoundInternal             : Create name='', mode=0x02000202
[LOG] SystemI::createSoundInternal             : exinfo->cbsize             = 224
[LOG] SystemI::createSoundInternal             : exinfo->length             = 21502400
[LOG] SystemI::createSoundInternal             : exinfo->fileoffset         = 77664
[LOG] SystemI::createSoundInternal             : exinfo->numsubsounds       = 1
[LOG] SystemI::createSoundInternal             : exinfo->inclusionlist      = 000000F21909EF08
[LOG] SystemI::createSoundInternal             : exinfo->inclusionlistnum   = 1
[LOG] SystemI::createSoundInternal             : exinfo->suggestedsoundtype = 5
[LOG] SystemI::createSoundInternal             : exinfo->useropen           = 00007FFE2DA13CA0
[LOG] SystemI::createSoundInternal             : exinfo->userclose          = 00007FFE2DA13C60
[LOG] SystemI::createSoundInternal             : exinfo->userread           = 00007FFE2DA13D80
[LOG] SystemI::createSoundInternal             : exinfo->userseek           = 00007FFE2DA13E40
[LOG] SystemI::createSoundInternal             : exinfo->fileuserdata       = 0000029DD096E9A8
[LOG] SystemI::createSoundInternal             : exinfo->initialseekpostype = 1
[LOG] SystemI::DSPCodecPoolRegister            : register codec pool for pool type 5
[LOG] SystemI::createSoundInternal             : Sample 0/1: name='ambience_city_traffic_passing_6', format=5, channels=1, frequency=48000, lengthbytes=60960, lengthpcm=370109, pcmblocksize=0, loopstart=0, loopend=0, mode=0x00000000, channelmask=0x00000000, channelorder=0, peakvolume=0.653534.
[LOG] SystemI::createSoundInternal             : Create name='', mode=0x02000202
[LOG] SystemI::createSoundInternal             : exinfo->cbsize             = 224
[LOG] SystemI::createSoundInternal             : exinfo->length             = 21502400
[LOG] SystemI::createSoundInternal             : exinfo->fileoffset         = 77664
[LOG] SystemI::createSoundInternal             : exinfo->numsubsounds       = 1
[LOG] SystemI::createSoundInternal             : exinfo->inclusionlist      = 000000F21909EF08
[LOG] SystemI::createSoundInternal             : exinfo->inclusionlistnum   = 1
[LOG] SystemI::createSoundInternal             : exinfo->suggestedsoundtype = 5
[LOG] SystemI::createSoundInternal             : exinfo->useropen           = 00007FFE2DA13CA0
[LOG] SystemI::createSoundInternal             : exinfo->userclose          = 00007FFE2DA13C60
[LOG] SystemI::createSoundInternal             : exinfo->userread           = 00007FFE2DA13D80
[LOG] SystemI::createSoundInternal             : exinfo->userseek           = 00007FFE2DA13E40
[LOG] SystemI::createSoundInternal             : exinfo->fileuserdata       = 0000029DD096E9A8
[LOG] SystemI::createSoundInternal             : exinfo->initialseekpostype = 1
[LOG] SystemI::DSPCodecPoolRegister            : register codec pool for pool type 5
[LOG] SystemI::createSoundInternal             : Sample 0/1: name='ambience_city_walla_chatter_5', format=5, channels=1, frequency=48000, lengthbytes=6816, lengthpcm=45926, pcmblocksize=0, loopstart=0, loopend=0, mode=0x00000000, channelmask=0x00000000, channelorder=0, peakvolume=0.513031.
[LOG] SystemI::createSoundInternal             : Create name='', mode=0x02000202
[LOG] SystemI::createSoundInternal             : exinfo->cbsize             = 224
[LOG] SystemI::createSoundInternal             : exinfo->length             = 21502400
[LOG] SystemI::createSoundInternal             : exinfo->fileoffset         = 77664
[LOG] SystemI::createSoundInternal             : exinfo->numsubsounds       = 1
[LOG] SystemI::createSoundInternal             : exinfo->inclusionlist      = 000000F21909EF08
[LOG] SystemI::createSoundInternal             : exinfo->inclusionlistnum   = 1
[LOG] SystemI::createSoundInternal             : exinfo->suggestedsoundtype = 5
[LOG] SystemI::createSoundInternal             : exinfo->useropen           = 00007FFE2DA13CA0
[LOG] SystemI::createSoundInternal             : exinfo->userclose          = 00007FFE2DA13C60
[LOG] SystemI::createSoundInternal             : exinfo->userread           = 00007FFE2DA13D80
[LOG] SystemI::createSoundInternal             : exinfo->userseek           = 00007FFE2DA13E40
[LOG] SystemI::createSoundInternal             : exinfo->fileuserdata       = 0000029DD096E9A8
[LOG] SystemI::createSoundInternal             : exinfo->initialseekpostype = 1
[LOG] SystemI::DSPCodecPoolRegister            : register codec pool for pool type 5
[LOG] SystemI::createSoundInternal             : Sample 0/1: name='ambience_city_traffic_horn_4', format=5, channels=1, frequency=48000, lengthbytes=11840, lengthpcm=71785, pcmblocksize=0, loopstart=0, loopend=0, mode=0x00000000, channelmask=0x00000000, channelorder=0, peakvolume=0.530426.
[LOG] SystemI::createSoundInternal             : Create name='', mode=0x02000202
[LOG] SystemI::createSoundInternal             : exinfo->cbsize             = 224
[LOG] SystemI::createSoundInternal             : exinfo->length             = 21502400
[LOG] SystemI::createSoundInternal             : exinfo->fileoffset         = 77664
[LOG] SystemI::createSoundInternal             : exinfo->numsubsounds       = 1
[LOG] SystemI::createSoundInternal             : exinfo->inclusionlist      = 000000F21909EF08
[LOG] SystemI::createSoundInternal             : exinfo->inclusionlistnum   = 1
[LOG] SystemI::createSoundInternal             : exinfo->suggestedsoundtype = 5
[LOG] SystemI::createSoundInternal             : exinfo->useropen           = 00007FFE2DA13CA0
[LOG] SystemI::createSoundInternal             : exinfo->userclose          = 00007FFE2DA13C60
[LOG] SystemI::createSoundInternal             : exinfo->userread           = 00007FFE2DA13D80
[LOG] SystemI::createSoundInternal             : exinfo->userseek           = 00007FFE2DA13E40
[LOG] SystemI::createSoundInternal             : exinfo->fileuserdata       = 0000029DD096E9A8
[LOG] SystemI::createSoundInternal             : exinfo->initialseekpostype = 1
[LOG] SystemI::DSPCodecPoolRegister            : register codec pool for pool type 5
[LOG] SystemI::createSoundInternal             : Sample 0/1: name='ambience_city_walla_chatter_17', format=5, channels=1, frequency=48000, lengthbytes=19616, lengthpcm=117629, pcmblocksize=0, loopstart=0, loopend=0, mode=0x00000000, channelmask=0x00000000, channelorder=0, peakvolume=0.469360.
[LOG] SystemI::createSoundInternal             : Create name='', mode=0x02000202
[LOG] SystemI::createSoundInternal             : exinfo->cbsize             = 224
[LOG] SystemI::createSoundInternal             : exinfo->length             = 21502400
[LOG] SystemI::createSoundInternal             : exinfo->fileoffset         = 77664
[LOG] SystemI::createSoundInternal             : exinfo->numsubsounds       = 1
[LOG] SystemI::createSoundInternal             : exinfo->inclusionlist      = 000000F21909EF08
[LOG] SystemI::createSoundInternal             : exinfo->inclusionlistnum   = 1
[LOG] SystemI::createSoundInternal             : exinfo->suggestedsoundtype = 5
[LOG] SystemI::createSoundInternal             : exinfo->useropen           = 00007FFE2DA13CA0
[LOG] SystemI::createSoundInternal             : exinfo->userclose          = 00007FFE2DA13C60
[LOG] SystemI::createSoundInternal             : exinfo->userread           = 00007FFE2DA13D80
[LOG] SystemI::createSoundInternal             : exinfo->userseek           = 00007FFE2DA13E40
[LOG] SystemI::createSoundInternal             : exinfo->fileuserdata       = 0000029DD096E9A8
[LOG] SystemI::createSoundInternal             : exinfo->initialseekpostype = 1
[LOG] SystemI::DSPCodecPoolRegister            : register codec pool for pool type 5
[LOG] SystemI::createSoundInternal             : Sample 0/1: name='ambience_city_walla_chatter_10', format=5, channels=1, frequency=48000, lengthbytes=29984, lengthpcm=187494, pcmblocksize=0, loopstart=0, loopend=0, mode=0x00000000, channelmask=0x00000000, channelorder=0, peakvolume=0.397705.
[LOG] SystemI::createSound                     : filename = examples/Build/Desktop/SFX.bank : mode 02010082
[LOG] SystemI::createSound                     : FMOD_NONBLOCKING specified.  Putting into queue to be opened asynchronously!
[LOG] Thread::initThread                       : Init FMOD nonblocking thread (0). Affinity: 0x4000000000000003, Priority: 0xFFFF7FFC, Stack Size: 114688, Semaphore: Yes, Sleep Time: 0, Looping: Yes.
[LOG] AsyncThread::add                         : add sound to async queue : soundi = 0000029DD6E53FC8, queue head = 0000029ECAE92698, queue count = 0
[LOG] AsyncThread::threadFunc                  : Starting Asynchronous operation on sound 0000029DD6E53FC8
[LOG] SystemI::createSound                     : filename = examples/Build/Desktop/SFX.bank : mode 02010082
[LOG] SystemI::createSoundInternal             :     Create name='examples/Build/Desktop/SFX.bank', mode=0x02010082
[LOG] SystemI::createSound                     :     FMOD_NONBLOCKING specified.  Putting into queue to be opened asynchronously!
[LOG] SystemI::createSoundInternal             :     exinfo->cbsize             = 224
[LOG] AsyncThread::add                         :     add sound to async queue : soundi = 0000029DD6E54178, queue head = 0000029ECAE92698, queue count = 0
[LOG] SystemI::createSoundInternal             :     exinfo->length             = 21502400
[LOG] SystemI::createSoundInternal             :     exinfo->fileoffset         = 77664
[LOG] SystemI::createSoundInternal             :     exinfo->numsubsounds       = 1
[LOG] SystemI::createSoundInternal             :     exinfo->inclusionlist      = 0000029E9F169FB0
[LOG] SystemI::createSoundInternal             :     exinfo->inclusionlistnum   = 1
[LOG] SystemI::createSoundInternal             :     exinfo->suggestedsoundtype = 5
[LOG] SystemI::createSoundInternal             :     exinfo->initialseekpostype = 1
[LOG] SystemI::createSoundInternal             :     Stream 0/1: name='ambience_city_walla_pad', format=5, channels=2, frequency=48000, lengthbytes=646112, lengthpcm=2400000, pcmblocksize=0, loopstart=0, loopend=0, mode=0x00000000, channelmask=0x00000000, channelorder=0, peakvolume=0.709198.
[LOG] Thread::initThread                       :     Init FMOD file thread. Affinity: 0x4000000000000003, Priority: 0xFFFF7FFC, Stack Size: 65536, Semaphore: No, Sleep Time: 10, Looping: Yes.
[LOG] AsyncThread::threadFunc                  : Finished Asynchronous operation on sound 0000029DD6E53FC8
[LOG] AsyncThread::threadFunc                  : Starting Asynchronous operation on sound 0000029DD6E54178
[LOG] SystemI::createSoundInternal             :     Create name='examples/Build/Desktop/SFX.bank', mode=0x02010082
[LOG] SystemI::createSoundInternal             :     exinfo->cbsize             = 224
[LOG] SystemI::createSoundInternal             :     exinfo->length             = 21502400
[LOG] SystemI::createSoundInternal             :     exinfo->fileoffset         = 77664
[LOG] SystemI::createSoundInternal             :     exinfo->numsubsounds       = 1
[LOG] SystemI::createSoundInternal             :     exinfo->inclusionlist      = 0000029E9F169470
[LOG] SystemI::createSoundInternal             :     exinfo->inclusionlistnum   = 1
[LOG] SystemI::createSoundInternal             :     exinfo->suggestedsoundtype = 5
[LOG] SystemI::createSoundInternal             :     exinfo->initialseekpostype = 1
[LOG] SystemI::createSoundInternal             :     Stream 0/1: name='ambience_city_traffic_pad', format=5, channels=2, frequency=48000, lengthbytes=798336, lengthpcm=3000000, pcmblocksize=0, loopstart=0, loopend=0, mode=0x00000000, channelmask=0x00000000, channelorder=0, peakvolume=0.597443.
[LOG] AsyncThread::threadFunc                  : Finished Asynchronous operation on sound 0000029DD6E54178
[LOG] AsyncThread::add                         : add sound to async queue : soundi = 0000029DD7F50128, queue head = 0000029ECAE92698, queue count = 0
[LOG] AsyncThread::threadFunc                  : Starting Asynchronous operation on sound 0000029DD7F50128
[LOG] AsyncThread::threadFunc                  : Finished Asynchronous operation on sound 0000029DD7F50128
[LOG] AsyncThread::add                         : add sound to async queue : soundi = 0000029DD7F50128, queue head = 0000029ECAE92698, queue count = 0
[LOG] AsyncThread::threadFunc                  : Starting Asynchronous operation on sound 0000029DD7F50128
[LOG] AsyncThread::add                         :     add sound to async queue : soundi = 0000029DD7F502D8, queue head = 0000029ECAE92698, queue count = 0
[LOG] AsyncThread::threadFunc                  : Finished Asynchronous operation on sound 0000029DD7F50128
[LOG] AsyncThread::threadFunc                  : Starting Asynchronous operation on sound 0000029DD7F502D8
[LOG] AsyncThread::threadFunc                  : Finished Asynchronous operation on sound 0000029DD7F502D8
[LOG] AsyncThread::add                         : add sound to async queue : soundi = 0000029DD7F50128, queue head = 0000029ECAE92698, queue count = 0
[LOG] AsyncThread::threadFunc                  : Starting Asynchronous operation on sound 0000029DD7F50128
[LOG] AsyncThread::add                         : add sound to async queue : soundi = 0000029DD7F502D8, queue head = 0000029ECAE92698, queue count = 0
[LOG] AsyncThread::threadFunc                  : Finished Asynchronous operation on sound 0000029DD7F50128
[LOG] AsyncThread::threadFunc                  : Starting Asynchronous operation on sound 0000029DD7F502D8
[LOG] AsyncThread::threadFunc                  : Finished Asynchronous operation on sound 0000029DD7F502D8
[LOG] AsyncThread::add                         : add sound to async queue : soundi = 0000029DD7F50128, queue head = 0000029ECAE92698, queue count = 0
[LOG] AsyncThread::threadFunc                  : Starting Asynchronous operation on sound 0000029DD7F50128
[LOG] AsyncThread::add                         :     add sound to async queue : soundi = 0000029DD7F502D8, queue head = 0000029ECAE92698, queue count = 0
[LOG] AsyncThread::threadFunc                  : Finished Asynchronous operation on sound 0000029DD7F50128
[LOG] AsyncThread::threadFunc                  : Starting Asynchronous operation on sound 0000029DD7F502D8
[LOG] AsyncThread::threadFunc                  : Finished Asynchronous operation on sound 0000029DD7F502D8
[LOG] SoundI::release                          :  (0000029EA215DB78)
[LOG] SoundI::release                          :     ambience_city_walla_chatter_1 (0000029C20D16998)
[LOG] SoundI::release                          :  (0000029DD2BC2768)
[LOG] SoundI::release                          :     ambience_city_walla_chatter_2 (0000029DCB751EA8)
[LOG] SoundI::release                          :  (0000029EA215D168)
[LOG] SoundI::release                          :     ambience_city_walla_chatter_3 (0000029DCB622498)
[LOG] SoundI::release                          :  (0000029EA126E5A8)
[LOG] SoundI::release                          :     ambience_city_walla_chatter_4 (0000029DCB7511A8)
[LOG] SoundI::release                          :  (0000029DD2BC0EF8)
[LOG] SoundI::release                          :     ambience_city_walla_chatter_5 (0000029ECE330048)
[LOG] SoundI::release                          :  (0000029EA126E9F8)
[LOG] SoundI::release                          :     ambience_city_walla_chatter_6 (0000029DCB7521E8)
[LOG] SoundI::release                          :  (0000029DD2BC2BB8)
[LOG] SoundI::release                          :     ambience_city_walla_chatter_7 (0000029DCB750E68)
[LOG] SoundI::release                          :  (0000029DD2BC2D28)
[LOG] SoundI::release                          :     ambience_city_walla_chatter_8 (0000029DCB752EE8)
[LOG] SoundI::release                          :  (0000029DD2BC2318)
[LOG] SoundI::release                          :     ambience_city_walla_chatter_9 (0000029DCB750308)
[LOG] SoundI::release                          :  (0000029DD2BC1068)
[LOG] SoundI::release                          :     ambience_city_walla_chatter_10 (0000029ECE32E648)
[LOG] SoundI::release                          :  (0000029EA126E888)
[LOG] SoundI::release                          :     ambience_city_walla_chatter_11 (0000029DCB74FFC8)
[LOG] SoundI::release                          :  (0000029DD2BC2488)
[LOG] SoundI::release                          :     ambience_city_walla_chatter_12 (0000029DCB74F2C8)
[LOG] SoundI::release                          :  (0000029EA215DA08)
[LOG] SoundI::release                          :     ambience_city_walla_chatter_13 (0000029DA1CB64B8)
[LOG] SoundI::release                          :  (0000029DD2BC1628)
[LOG] SoundI::release                          :     ambience_city_walla_chatter_14 (0000029DCB74F608)
[LOG] SoundI::release                          :  (0000029DD2BC28D8)
[LOG] SoundI::release                          :     ambience_city_walla_chatter_15 (0000029DCB7514E8)
[LOG] SoundI::release                          :  (0000029DD2BC1BE8)
[LOG] SoundI::release                          :     ambience_city_walla_chatter_16 (0000029DCB751688)
[LOG] SoundI::release                          :  (0000029DD2BC1908)
[LOG] SoundI::release                          :     ambience_city_walla_chatter_17 (0000029ECE331BE8)
[LOG] SoundI::release                          :  (0000029EA215D728)
[LOG] SoundI::release                          :     ambience_city_traffic_train_2 (0000029DA1CB3338)
[LOG] SoundI::release                          :  (0000029EA215D898)
[LOG] SoundI::release                          :     ambience_city_traffic_train_1 (0000029DC678E048)
[LOG] SoundI::release                          :  (0000029DD2BC1A78)
[LOG] SoundI::release                          :     ambience_city_traffic_passing_1 (0000029DCB751B68)
[LOG] SoundI::release                          :  (0000029EA215C198)
[LOG] SoundI::release                          :     ambience_city_traffic_passing_2 (0000029DCB750CC8)
[LOG] SoundI::release                          :  (0000029EA215C308)
[LOG] SoundI::release                          :     ambience_city_traffic_passing_3 (0000029DD0FCFA88)
[LOG] SoundI::release                          :  (0000029EA126EB68)
[LOG] SoundI::release                          :     ambience_city_traffic_passing_4 (0000029DCB752A08)
[LOG] SoundI::release                          :  (0000029DD2BC1EC8)
[LOG] SoundI::release                          :     ambience_city_traffic_passing_5 (0000029DCB750988)
[LOG] SoundI::release                          :  (0000029DD2BC25F8)
[LOG] SoundI::release                          :     ambience_city_traffic_passing_6 (0000029DCB74F7A8)
[LOG] SoundI::release                          : ambience_city_traffic_pad (0000029DD6E54178)
[LOG] SoundI::release                          :     ambience_city_traffic_pad (0000029ECE330EE8)
[LOG] SoundI::release                          :     ambience_city_traffic_pad (0000029DD7F502D8)
[LOG] SoundI::release                          : ambience_city_walla_pad (0000029DD6E53FC8)
[LOG] SoundI::release                          :     ambience_city_walla_pad (0000029ECE3328E8)
[LOG] SoundI::release                          :     ambience_city_walla_pad (0000029DD7F50128)
[LOG] SoundI::release                          :  (0000029EA215D2D8)
[LOG] SoundI::release                          :     ambience_city_traffic_passing_7 (0000029DC678ED48)
[LOG] SoundI::release                          :  (0000029EA126DB98)
[LOG] SoundI::release                          :     ambience_city_traffic_siren (0000029DCB751008)
[LOG] SoundI::release                          :  (0000029EA215DCE8)
[LOG] SoundI::release                          :     ambience_city_traffic_horn_1 (0000029DD0FCE568)
[LOG] SoundI::release                          :  (0000029DD2BC21A8)
[LOG] SoundI::release                          :     ambience_city_traffic_horn_2 (0000029DCB752D48)
[LOG] SoundI::release                          :  (0000029DD2BC2038)
[LOG] SoundI::release                          :     ambience_city_traffic_horn_3 (0000029DCB752BA8)
[LOG] SoundI::release                          :  (0000029DD2BC2A48)
[LOG] SoundI::release                          :     ambience_city_traffic_horn_4 (0000029ECE32CAA8)
[LOG] SoundI::release                          :  (0000029EA215D448)
[LOG] SoundI::release                          :     ambience_city_traffic_horn_5 (0000029DC65266F8)
[LOG] Thread::callback                         : FMOD Studio update thread finished.
[LOG] Thread::callback                         : FMOD Studio bank load thread finished.
[LOG] Profile::disconnectAll                   : Profiler disconnecting all clients
[LOG] Thread::callback                         : FMOD Studio sample load thread finished.
[LOG] LiveUpdate::release                      : 
[LOG] LiveUpdate::reset                        : Reset connection (reason Disconnected)
[LOG] Thread::callback                         : FMOD stream thread finished.
[LOG] Thread::callback                         : FMOD mixer thread finished.
[LOG] Profile::disconnectAll                   : Profiler disconnecting all clients
[LOG] SystemI::close                           : Closed.
[ERR] assert                                   : assertion: 'gSystemInitCount == 0' failed
